Grammar

    0 $accept: Program $end

    1 Program: FunctionsAndDeclarations

    2 FunctionsAndDeclarations: FunctionDefinition FunctionsAndDeclarationsList
    3                         | FunctionDeclaration FunctionsAndDeclarationsList
    4                         | Declaration FunctionsAndDeclarationsList

    5 FunctionsAndDeclarationsList: FunctionDefinition FunctionsAndDeclarationsList
    6                             | FunctionDeclaration FunctionsAndDeclarationsList
    7                             | Declaration FunctionsAndDeclarationsList
    8                             | %empty

    9 FunctionDefinition: TypeSpec FunctionDeclarator FunctionBody

   10 FunctionBody: LBRACE DeclarationsAndStatements RBRACE
   11             | LBRACE RBRACE

   12 DeclarationsAndStatements: Statement DeclarationsAndStatements
   13                          | Declaration DeclarationsAndStatements
   14                          | Statement
   15                          | Declaration

   16 FunctionDeclaration: TypeSpec FunctionDeclarator SEMI

   17 FunctionDeclarator: ID LPAR ParameterList RPAR

   18 ParameterList: ParameterDeclaration ParameterDeclarationList

   19 ParameterDeclarationList: COMMA ParameterDeclaration ParameterDeclarationList
   20                         | %empty

   21 ParameterDeclaration: TypeSpec ID
   22                     | TypeSpec

   23 Declaration: TypeSpec Declarator DeclaratorList SEMI
   24            | error SEMI

   25 DeclaratorList: COMMA Declarator DeclaratorList
   26               | %empty

   27 TypeSpec: CHAR
   28         | INT
   29         | VOID
   30         | SHORT
   31         | DOUBLE

   32 Declarator: ID ASSIGN ExprList
   33           | ID

   34 Statement: IF LPAR ExprList RPAR StatementOrError
   35          | IF LPAR ExprList RPAR StatementOrError ELSE StatementOrError
   36          | WHILE LPAR ExprList RPAR StatementOrError
   37          | LBRACE StatementList RBRACE
   38          | RETURN ExprList SEMI
   39          | RETURN SEMI
   40          | ExprList SEMI
   41          | SEMI
   42          | LBRACE error RBRACE
   43          | LBRACE RBRACE

   44 StatementList: StatementOrError StatementList
   45              | StatementOrError

   46 StatementOrError: Statement
   47                 | error SEMI

   48 Expr: OperatorExpression
   49     | LPAR ExprList RPAR
   50     | ID LPAR Expr ExprOptionalList RPAR
   51     | ID LPAR RPAR
   52     | ID
   53     | INTLIT
   54     | CHRLIT
   55     | REALLIT
   56     | ID LPAR error RPAR
   57     | LPAR error RPAR

   58 ExprList: ExprList COMMA Expr
   59         | Expr

   60 ExprOptionalList: COMMA Expr ExprOptionalList
   61                 | %empty

   62 OperatorExpression: Expr ASSIGN Expr
   63                   | Expr PLUS Expr
   64                   | Expr MINUS Expr
   65                   | Expr MUL Expr
   66                   | Expr DIV Expr
   67                   | Expr MOD Expr
   68                   | Expr OR Expr
   69                   | Expr AND Expr
   70                   | Expr BITWISEAND Expr
   71                   | Expr BITWISEOR Expr
   72                   | Expr BITWISEXOR Expr
   73                   | Expr EQ Expr
   74                   | Expr NE Expr
   75                   | Expr LE Expr
   76                   | Expr GE Expr
   77                   | Expr LT Expr
   78                   | Expr GT Expr
   79                   | PLUS Expr
   80                   | MINUS Expr
   81                   | NOT Expr


Terminals, with rules where they appear

    $end (0) 0
    error (256) 24 42 47 56 57
    INTLIT <token> (258) 53
    CHRLIT <token> (259) 54
    REALLIT <token> (260) 55
    IF <token> (261) 34 35
    ELSE <token> (262) 35
    WHILE <token> (263) 36
    RETURN <token> (264) 38 39
    CHAR <token> (265) 27
    INT <token> (266) 28
    SHORT <token> (267) 30
    DOUBLE <token> (268) 31
    VOID <token> (269) 29
    PLUS <token> (270) 63 79
    MINUS <token> (271) 64 80
    MUL <token> (272) 65
    DIV <token> (273) 66
    MOD <token> (274) 67
    EQ <token> (275) 73
    NE <token> (276) 74
    GE <token> (277) 76
    GT <token> (278) 78
    LE <token> (279) 75
    LT <token> (280) 77
    AND <token> (281) 69
    OR <token> (282) 68
    NOT <token> (283) 81
    BITWISEAND <token> (284) 70
    BITWISEOR <token> (285) 71
    BITWISEXOR <token> (286) 72
    ASSIGN <token> (287) 32 62
    COMMA <token> (288) 19 25 58 60
    LBRACE <token> (289) 10 11 37 42 43
    LPAR <token> (290) 17 34 35 36 49 50 51 56 57
    RBRACE <token> (291) 10 11 37 42 43
    RPAR <token> (292) 17 34 35 36 49 50 51 56 57
    SEMI <token> (293) 16 23 24 38 39 40 41 47
    ID <token> (294) 17 21 32 33 50 51 52 56
    NO_ELSE (295)
    UNARY_OPERATOR (296)


Nonterminals, with rules where they appear

    $accept (42)
        on left: 0
    Program <node> (43)
        on left: 1
        on right: 0
    FunctionsAndDeclarations <node> (44)
        on left: 2 3 4
        on right: 1
    FunctionsAndDeclarationsList <node> (45)
        on left: 5 6 7 8
        on right: 2 3 4 5 6 7
    FunctionDefinition <node> (46)
        on left: 9
        on right: 2 5
    FunctionBody <node> (47)
        on left: 10 11
        on right: 9
    DeclarationsAndStatements <node> (48)
        on left: 12 13 14 15
        on right: 10 12 13
    FunctionDeclaration <node> (49)
        on left: 16
        on right: 3 6
    FunctionDeclarator <node> (50)
        on left: 17
        on right: 9 16
    ParameterList <node> (51)
        on left: 18
        on right: 17
    ParameterDeclarationList <node> (52)
        on left: 19 20
        on right: 18 19
    ParameterDeclaration <node> (53)
        on left: 21 22
        on right: 18 19
    Declaration <node> (54)
        on left: 23 24
        on right: 4 7 13 15
    DeclaratorList <node> (55)
        on left: 25 26
        on right: 23 25
    TypeSpec <node> (56)
        on left: 27 28 29 30 31
        on right: 9 16 21 22 23
    Declarator <node> (57)
        on left: 32 33
        on right: 23 25
    Statement <node> (58)
        on left: 34 35 36 37 38 39 40 41 42 43
        on right: 12 14 46
    StatementList <node> (59)
        on left: 44 45
        on right: 37 44
    StatementOrError <node> (60)
        on left: 46 47
        on right: 34 35 36 44 45
    Expr <node> (61)
        on left: 48 49 50 51 52 53 54 55 56 57
        on right: 50 58 59 60 62 63 64 65 66 67 68 69 70 71 72 73 74 75 76 77 78 79 80 81
    ExprList <node> (62)
        on left: 58 59
        on right: 32 34 35 36 38 40 49 58
    ExprOptionalList <node> (63)
        on left: 60 61
        on right: 50 60
    OperatorExpression <node> (64)
        on left: 62 63 64 65 66 67 68 69 70 71 72 73 74 75 76 77 78 79 80 81
        on right: 48


State 0

    0 $accept: . Program $end

    error   shift, and go to state 1
    CHAR    shift, and go to state 2
    INT     shift, and go to state 3
    SHORT   shift, and go to state 4
    DOUBLE  shift, and go to state 5
    VOID    shift, and go to state 6

    Program                   go to state 7
    FunctionsAndDeclarations  go to state 8
    FunctionDefinition        go to state 9
    FunctionDeclaration       go to state 10
    Declaration               go to state 11
    TypeSpec                  go to state 12


State 1

   24 Declaration: error . SEMI

    SEMI  shift, and go to state 13


State 2

   27 TypeSpec: CHAR .

    $default  reduce using rule 27 (TypeSpec)


State 3

   28 TypeSpec: INT .

    $default  reduce using rule 28 (TypeSpec)


State 4

   30 TypeSpec: SHORT .

    $default  reduce using rule 30 (TypeSpec)


State 5

   31 TypeSpec: DOUBLE .

    $default  reduce using rule 31 (TypeSpec)


State 6

   29 TypeSpec: VOID .

    $default  reduce using rule 29 (TypeSpec)


State 7

    0 $accept: Program . $end

    $end  shift, and go to state 14


State 8

    1 Program: FunctionsAndDeclarations .

    $default  reduce using rule 1 (Program)


State 9

    2 FunctionsAndDeclarations: FunctionDefinition . FunctionsAndDeclarationsList

    error   shift, and go to state 1
    CHAR    shift, and go to state 2
    INT     shift, and go to state 3
    SHORT   shift, and go to state 4
    DOUBLE  shift, and go to state 5
    VOID    shift, and go to state 6

    $end  reduce using rule 8 (FunctionsAndDeclarationsList)

    FunctionsAndDeclarationsList  go to state 15
    FunctionDefinition            go to state 16
    FunctionDeclaration           go to state 17
    Declaration                   go to state 18
    TypeSpec                      go to state 12


State 10

    3 FunctionsAndDeclarations: FunctionDeclaration . FunctionsAndDeclarationsList

    error   shift, and go to state 1
    CHAR    shift, and go to state 2
    INT     shift, and go to state 3
    SHORT   shift, and go to state 4
    DOUBLE  shift, and go to state 5
    VOID    shift, and go to state 6

    $end  reduce using rule 8 (FunctionsAndDeclarationsList)

    FunctionsAndDeclarationsList  go to state 19
    FunctionDefinition            go to state 16
    FunctionDeclaration           go to state 17
    Declaration                   go to state 18
    TypeSpec                      go to state 12


State 11

    4 FunctionsAndDeclarations: Declaration . FunctionsAndDeclarationsList

    error   shift, and go to state 1
    CHAR    shift, and go to state 2
    INT     shift, and go to state 3
    SHORT   shift, and go to state 4
    DOUBLE  shift, and go to state 5
    VOID    shift, and go to state 6

    $end  reduce using rule 8 (FunctionsAndDeclarationsList)

    FunctionsAndDeclarationsList  go to state 20
    FunctionDefinition            go to state 16
    FunctionDeclaration           go to state 17
    Declaration                   go to state 18
    TypeSpec                      go to state 12


State 12

    9 FunctionDefinition: TypeSpec . FunctionDeclarator FunctionBody
   16 FunctionDeclaration: TypeSpec . FunctionDeclarator SEMI
   23 Declaration: TypeSpec . Declarator DeclaratorList SEMI

    ID  shift, and go to state 21

    FunctionDeclarator  go to state 22
    Declarator          go to state 23


State 13

   24 Declaration: error SEMI .

    $default  reduce using rule 24 (Declaration)


State 14

    0 $accept: Program $end .

    $default  accept


State 15

    2 FunctionsAndDeclarations: FunctionDefinition FunctionsAndDeclarationsList .

    $default  reduce using rule 2 (FunctionsAndDeclarations)


State 16

    5 FunctionsAndDeclarationsList: FunctionDefinition . FunctionsAndDeclarationsList

    error   shift, and go to state 1
    CHAR    shift, and go to state 2
    INT     shift, and go to state 3
    SHORT   shift, and go to state 4
    DOUBLE  shift, and go to state 5
    VOID    shift, and go to state 6

    $end  reduce using rule 8 (FunctionsAndDeclarationsList)

    FunctionsAndDeclarationsList  go to state 24
    FunctionDefinition            go to state 16
    FunctionDeclaration           go to state 17
    Declaration                   go to state 18
    TypeSpec                      go to state 12


State 17

    6 FunctionsAndDeclarationsList: FunctionDeclaration . FunctionsAndDeclarationsList

    error   shift, and go to state 1
    CHAR    shift, and go to state 2
    INT     shift, and go to state 3
    SHORT   shift, and go to state 4
    DOUBLE  shift, and go to state 5
    VOID    shift, and go to state 6

    $end  reduce using rule 8 (FunctionsAndDeclarationsList)

    FunctionsAndDeclarationsList  go to state 25
    FunctionDefinition            go to state 16
    FunctionDeclaration           go to state 17
    Declaration                   go to state 18
    TypeSpec                      go to state 12


State 18

    7 FunctionsAndDeclarationsList: Declaration . FunctionsAndDeclarationsList

    error   shift, and go to state 1
    CHAR    shift, and go to state 2
    INT     shift, and go to state 3
    SHORT   shift, and go to state 4
    DOUBLE  shift, and go to state 5
    VOID    shift, and go to state 6

    $end  reduce using rule 8 (FunctionsAndDeclarationsList)

    FunctionsAndDeclarationsList  go to state 26
    FunctionDefinition            go to state 16
    FunctionDeclaration           go to state 17
    Declaration                   go to state 18
    TypeSpec                      go to state 12


State 19

    3 FunctionsAndDeclarations: FunctionDeclaration FunctionsAndDeclarationsList .

    $default  reduce using rule 3 (FunctionsAndDeclarations)


State 20

    4 FunctionsAndDeclarations: Declaration FunctionsAndDeclarationsList .

    $default  reduce using rule 4 (FunctionsAndDeclarations)


State 21

   17 FunctionDeclarator: ID . LPAR ParameterList RPAR
   32 Declarator: ID . ASSIGN ExprList
   33           | ID .

    ASSIGN  shift, and go to state 27
    LPAR    shift, and go to state 28

    $default  reduce using rule 33 (Declarator)


State 22

    9 FunctionDefinition: TypeSpec FunctionDeclarator . FunctionBody
   16 FunctionDeclaration: TypeSpec FunctionDeclarator . SEMI

    LBRACE  shift, and go to state 29
    SEMI    shift, and go to state 30

    FunctionBody  go to state 31


State 23

   23 Declaration: TypeSpec Declarator . DeclaratorList SEMI

    COMMA  shift, and go to state 32

    $default  reduce using rule 26 (DeclaratorList)

    DeclaratorList  go to state 33


State 24

    5 FunctionsAndDeclarationsList: FunctionDefinition FunctionsAndDeclarationsList .

    $default  reduce using rule 5 (FunctionsAndDeclarationsList)


State 25

    6 FunctionsAndDeclarationsList: FunctionDeclaration FunctionsAndDeclarationsList .

    $default  reduce using rule 6 (FunctionsAndDeclarationsList)


State 26

    7 FunctionsAndDeclarationsList: Declaration FunctionsAndDeclarationsList .

    $default  reduce using rule 7 (FunctionsAndDeclarationsList)


State 27

   32 Declarator: ID ASSIGN . ExprList

    INTLIT   shift, and go to state 34
    CHRLIT   shift, and go to state 35
    REALLIT  shift, and go to state 36
    PLUS     shift, and go to state 37
    MINUS    shift, and go to state 38
    NOT      shift, and go to state 39
    LPAR     shift, and go to state 40
    ID       shift, and go to state 41

    Expr                go to state 42
    ExprList            go to state 43
    OperatorExpression  go to state 44


State 28

   17 FunctionDeclarator: ID LPAR . ParameterList RPAR

    CHAR    shift, and go to state 2
    INT     shift, and go to state 3
    SHORT   shift, and go to state 4
    DOUBLE  shift, and go to state 5
    VOID    shift, and go to state 6

    ParameterList         go to state 45
    ParameterDeclaration  go to state 46
    TypeSpec              go to state 47


State 29

   10 FunctionBody: LBRACE . DeclarationsAndStatements RBRACE
   11             | LBRACE . RBRACE

    error    shift, and go to state 1
    INTLIT   shift, and go to state 34
    CHRLIT   shift, and go to state 35
    REALLIT  shift, and go to state 36
    IF       shift, and go to state 48
    WHILE    shift, and go to state 49
    RETURN   shift, and go to state 50
    CHAR     shift, and go to state 2
    INT      shift, and go to state 3
    SHORT    shift, and go to state 4
    DOUBLE   shift, and go to state 5
    VOID     shift, and go to state 6
    PLUS     shift, and go to state 37
    MINUS    shift, and go to state 38
    NOT      shift, and go to state 39
    LBRACE   shift, and go to state 51
    LPAR     shift, and go to state 40
    RBRACE   shift, and go to state 52
    SEMI     shift, and go to state 53
    ID       shift, and go to state 41

    DeclarationsAndStatements  go to state 54
    Declaration                go to state 55
    TypeSpec                   go to state 56
    Statement                  go to state 57
    Expr                       go to state 42
    ExprList                   go to state 58
    OperatorExpression         go to state 44


State 30

   16 FunctionDeclaration: TypeSpec FunctionDeclarator SEMI .

    $default  reduce using rule 16 (FunctionDeclaration)


State 31

    9 FunctionDefinition: TypeSpec FunctionDeclarator FunctionBody .

    $default  reduce using rule 9 (FunctionDefinition)


State 32

   25 DeclaratorList: COMMA . Declarator DeclaratorList

    ID  shift, and go to state 59

    Declarator  go to state 60


State 33

   23 Declaration: TypeSpec Declarator DeclaratorList . SEMI

    SEMI  shift, and go to state 61


State 34

   53 Expr: INTLIT .

    $default  reduce using rule 53 (Expr)


State 35

   54 Expr: CHRLIT .

    $default  reduce using rule 54 (Expr)


State 36

   55 Expr: REALLIT .

    $default  reduce using rule 55 (Expr)


State 37

   79 OperatorExpression: PLUS . Expr

    INTLIT   shift, and go to state 34
    CHRLIT   shift, and go to state 35
    REALLIT  shift, and go to state 36
    PLUS     shift, and go to state 37
    MINUS    shift, and go to state 38
    NOT      shift, and go to state 39
    LPAR     shift, and go to state 40
    ID       shift, and go to state 41

    Expr                go to state 62
    OperatorExpression  go to state 44


State 38

   80 OperatorExpression: MINUS . Expr

    INTLIT   shift, and go to state 34
    CHRLIT   shift, and go to state 35
    REALLIT  shift, and go to state 36
    PLUS     shift, and go to state 37
    MINUS    shift, and go to state 38
    NOT      shift, and go to state 39
    LPAR     shift, and go to state 40
    ID       shift, and go to state 41

    Expr                go to state 63
    OperatorExpression  go to state 44


State 39

   81 OperatorExpression: NOT . Expr

    INTLIT   shift, and go to state 34
    CHRLIT   shift, and go to state 35
    REALLIT  shift, and go to state 36
    PLUS     shift, and go to state 37
    MINUS    shift, and go to state 38
    NOT      shift, and go to state 39
    LPAR     shift, and go to state 40
    ID       shift, and go to state 41

    Expr                go to state 64
    OperatorExpression  go to state 44


State 40

   49 Expr: LPAR . ExprList RPAR
   57     | LPAR . error RPAR

    error    shift, and go to state 65
    INTLIT   shift, and go to state 34
    CHRLIT   shift, and go to state 35
    REALLIT  shift, and go to state 36
    PLUS     shift, and go to state 37
    MINUS    shift, and go to state 38
    NOT      shift, and go to state 39
    LPAR     shift, and go to state 40
    ID       shift, and go to state 41

    Expr                go to state 42
    ExprList            go to state 66
    OperatorExpression  go to state 44


State 41

   50 Expr: ID . LPAR Expr ExprOptionalList RPAR
   51     | ID . LPAR RPAR
   52     | ID .
   56     | ID . LPAR error RPAR

    LPAR  shift, and go to state 67

    $default  reduce using rule 52 (Expr)


State 42

   59 ExprList: Expr .
   62 OperatorExpression: Expr . ASSIGN Expr
   63                   | Expr . PLUS Expr
   64                   | Expr . MINUS Expr
   65                   | Expr . MUL Expr
   66                   | Expr . DIV Expr
   67                   | Expr . MOD Expr
   68                   | Expr . OR Expr
   69                   | Expr . AND Expr
   70                   | Expr . BITWISEAND Expr
   71                   | Expr . BITWISEOR Expr
   72                   | Expr . BITWISEXOR Expr
   73                   | Expr . EQ Expr
   74                   | Expr . NE Expr
   75                   | Expr . LE Expr
   76                   | Expr . GE Expr
   77                   | Expr . LT Expr
   78                   | Expr . GT Expr

    PLUS        shift, and go to state 68
    MINUS       shift, and go to state 69
    MUL         shift, and go to state 70
    DIV         shift, and go to state 71
    MOD         shift, and go to state 72
    EQ          shift, and go to state 73
    NE          shift, and go to state 74
    GE          shift, and go to state 75
    GT          shift, and go to state 76
    LE          shift, and go to state 77
    LT          shift, and go to state 78
    AND         shift, and go to state 79
    OR          shift, and go to state 80
    BITWISEAND  shift, and go to state 81
    BITWISEOR   shift, and go to state 82
    BITWISEXOR  shift, and go to state 83
    ASSIGN      shift, and go to state 84

    $default  reduce using rule 59 (ExprList)


State 43

   32 Declarator: ID ASSIGN ExprList .
   58 ExprList: ExprList . COMMA Expr

    $default  reduce using rule 32 (Declarator)


State 44

   48 Expr: OperatorExpression .

    $default  reduce using rule 48 (Expr)


State 45

   17 FunctionDeclarator: ID LPAR ParameterList . RPAR

    RPAR  shift, and go to state 86


State 46

   18 ParameterList: ParameterDeclaration . ParameterDeclarationList

    COMMA  shift, and go to state 87

    $default  reduce using rule 20 (ParameterDeclarationList)

    ParameterDeclarationList  go to state 88


State 47

   21 ParameterDeclaration: TypeSpec . ID
   22                     | TypeSpec .

    ID  shift, and go to state 89

    $default  reduce using rule 22 (ParameterDeclaration)


State 48

   34 Statement: IF . LPAR ExprList RPAR StatementOrError
   35          | IF . LPAR ExprList RPAR StatementOrError ELSE StatementOrError

    LPAR  shift, and go to state 90


State 49

   36 Statement: WHILE . LPAR ExprList RPAR StatementOrError

    LPAR  shift, and go to state 91


State 50

   38 Statement: RETURN . ExprList SEMI
   39          | RETURN . SEMI

    INTLIT   shift, and go to state 34
    CHRLIT   shift, and go to state 35
    REALLIT  shift, and go to state 36
    PLUS     shift, and go to state 37
    MINUS    shift, and go to state 38
    NOT      shift, and go to state 39
    LPAR     shift, and go to state 40
    SEMI     shift, and go to state 92
    ID       shift, and go to state 41

    Expr                go to state 42
    ExprList            go to state 93
    OperatorExpression  go to state 44


State 51

   37 Statement: LBRACE . StatementList RBRACE
   42          | LBRACE . error RBRACE
   43          | LBRACE . RBRACE

    error    shift, and go to state 94
    INTLIT   shift, and go to state 34
    CHRLIT   shift, and go to state 35
    REALLIT  shift, and go to state 36
    IF       shift, and go to state 48
    WHILE    shift, and go to state 49
    RETURN   shift, and go to state 50
    PLUS     shift, and go to state 37
    MINUS    shift, and go to state 38
    NOT      shift, and go to state 39
    LBRACE   shift, and go to state 51
    LPAR     shift, and go to state 40
    RBRACE   shift, and go to state 95
    SEMI     shift, and go to state 53
    ID       shift, and go to state 41

    Statement           go to state 96
    StatementList       go to state 97
    StatementOrError    go to state 98
    Expr                go to state 42
    ExprList            go to state 58
    OperatorExpression  go to state 44


State 52

   11 FunctionBody: LBRACE RBRACE .

    $default  reduce using rule 11 (FunctionBody)


State 53

   41 Statement: SEMI .

    $default  reduce using rule 41 (Statement)


State 54

   10 FunctionBody: LBRACE DeclarationsAndStatements . RBRACE

    RBRACE  shift, and go to state 99


State 55

   13 DeclarationsAndStatements: Declaration . DeclarationsAndStatements
   15                          | Declaration .

    error    shift, and go to state 1
    INTLIT   shift, and go to state 34
    CHRLIT   shift, and go to state 35
    REALLIT  shift, and go to state 36
    IF       shift, and go to state 48
    WHILE    shift, and go to state 49
    RETURN   shift, and go to state 50
    CHAR     shift, and go to state 2
    INT      shift, and go to state 3
    SHORT    shift, and go to state 4
    DOUBLE   shift, and go to state 5
    VOID     shift, and go to state 6
    PLUS     shift, and go to state 37
    MINUS    shift, and go to state 38
    NOT      shift, and go to state 39
    LBRACE   shift, and go to state 51
    LPAR     shift, and go to state 40
    SEMI     shift, and go to state 53
    ID       shift, and go to state 41

    RBRACE  reduce using rule 15 (DeclarationsAndStatements)

    DeclarationsAndStatements  go to state 100
    Declaration                go to state 55
    TypeSpec                   go to state 56
    Statement                  go to state 57
    Expr                       go to state 42
    ExprList                   go to state 58
    OperatorExpression         go to state 44


State 56

   23 Declaration: TypeSpec . Declarator DeclaratorList SEMI

    ID  shift, and go to state 59

    Declarator  go to state 23


State 57

   12 DeclarationsAndStatements: Statement . DeclarationsAndStatements
   14                          | Statement .

    error    shift, and go to state 1
    INTLIT   shift, and go to state 34
    CHRLIT   shift, and go to state 35
    REALLIT  shift, and go to state 36
    IF       shift, and go to state 48
    WHILE    shift, and go to state 49
    RETURN   shift, and go to state 50
    CHAR     shift, and go to state 2
    INT      shift, and go to state 3
    SHORT    shift, and go to state 4
    DOUBLE   shift, and go to state 5
    VOID     shift, and go to state 6
    PLUS     shift, and go to state 37
    MINUS    shift, and go to state 38
    NOT      shift, and go to state 39
    LBRACE   shift, and go to state 51
    LPAR     shift, and go to state 40
    SEMI     shift, and go to state 53
    ID       shift, and go to state 41

    RBRACE  reduce using rule 14 (DeclarationsAndStatements)

    DeclarationsAndStatements  go to state 101
    Declaration                go to state 55
    TypeSpec                   go to state 56
    Statement                  go to state 57
    Expr                       go to state 42
    ExprList                   go to state 58
    OperatorExpression         go to state 44


State 58

   40 Statement: ExprList . SEMI
   58 ExprList: ExprList . COMMA Expr

    COMMA  shift, and go to state 85
    SEMI   shift, and go to state 102


State 59

   32 Declarator: ID . ASSIGN ExprList
   33           | ID .

    ASSIGN  shift, and go to state 27

    $default  reduce using rule 33 (Declarator)


State 60

   25 DeclaratorList: COMMA Declarator . DeclaratorList

    COMMA  shift, and go to state 32

    $default  reduce using rule 26 (DeclaratorList)

    DeclaratorList  go to state 103


State 61

   23 Declaration: TypeSpec Declarator DeclaratorList SEMI .

    $default  reduce using rule 23 (Declaration)


State 62

   62 OperatorExpression: Expr . ASSIGN Expr
   63                   | Expr . PLUS Expr
   64                   | Expr . MINUS Expr
   65                   | Expr . MUL Expr
   66                   | Expr . DIV Expr
   67                   | Expr . MOD Expr
   68                   | Expr . OR Expr
   69                   | Expr . AND Expr
   70                   | Expr . BITWISEAND Expr
   71                   | Expr . BITWISEOR Expr
   72                   | Expr . BITWISEXOR Expr
   73                   | Expr . EQ Expr
   74                   | Expr . NE Expr
   75                   | Expr . LE Expr
   76                   | Expr . GE Expr
   77                   | Expr . LT Expr
   78                   | Expr . GT Expr
   79                   | PLUS Expr .

    $default  reduce using rule 79 (OperatorExpression)


State 63

   62 OperatorExpression: Expr . ASSIGN Expr
   63                   | Expr . PLUS Expr
   64                   | Expr . MINUS Expr
   65                   | Expr . MUL Expr
   66                   | Expr . DIV Expr
   67                   | Expr . MOD Expr
   68                   | Expr . OR Expr
   69                   | Expr . AND Expr
   70                   | Expr . BITWISEAND Expr
   71                   | Expr . BITWISEOR Expr
   72                   | Expr . BITWISEXOR Expr
   73                   | Expr . EQ Expr
   74                   | Expr . NE Expr
   75                   | Expr . LE Expr
   76                   | Expr . GE Expr
   77                   | Expr . LT Expr
   78                   | Expr . GT Expr
   80                   | MINUS Expr .

    $default  reduce using rule 80 (OperatorExpression)


State 64

   62 OperatorExpression: Expr . ASSIGN Expr
   63                   | Expr . PLUS Expr
   64                   | Expr . MINUS Expr
   65                   | Expr . MUL Expr
   66                   | Expr . DIV Expr
   67                   | Expr . MOD Expr
   68                   | Expr . OR Expr
   69                   | Expr . AND Expr
   70                   | Expr . BITWISEAND Expr
   71                   | Expr . BITWISEOR Expr
   72                   | Expr . BITWISEXOR Expr
   73                   | Expr . EQ Expr
   74                   | Expr . NE Expr
   75                   | Expr . LE Expr
   76                   | Expr . GE Expr
   77                   | Expr . LT Expr
   78                   | Expr . GT Expr
   81                   | NOT Expr .

    $default  reduce using rule 81 (OperatorExpression)


State 65

   57 Expr: LPAR error . RPAR

    RPAR  shift, and go to state 104


State 66

   49 Expr: LPAR ExprList . RPAR
   58 ExprList: ExprList . COMMA Expr

    COMMA  shift, and go to state 85
    RPAR   shift, and go to state 105


State 67

   50 Expr: ID LPAR . Expr ExprOptionalList RPAR
   51     | ID LPAR . RPAR
   56     | ID LPAR . error RPAR

    error    shift, and go to state 106
    INTLIT   shift, and go to state 34
    CHRLIT   shift, and go to state 35
    REALLIT  shift, and go to state 36
    PLUS     shift, and go to state 37
    MINUS    shift, and go to state 38
    NOT      shift, and go to state 39
    LPAR     shift, and go to state 40
    RPAR     shift, and go to state 107
    ID       shift, and go to state 41

    Expr                go to state 108
    OperatorExpression  go to state 44


State 68

   63 OperatorExpression: Expr PLUS . Expr

    INTLIT   shift, and go to state 34
    CHRLIT   shift, and go to state 35
    REALLIT  shift, and go to state 36
    PLUS     shift, and go to state 37
    MINUS    shift, and go to state 38
    NOT      shift, and go to state 39
    LPAR     shift, and go to state 40
    ID       shift, and go to state 41

    Expr                go to state 109
    OperatorExpression  go to state 44


State 69

   64 OperatorExpression: Expr MINUS . Expr

    INTLIT   shift, and go to state 34
    CHRLIT   shift, and go to state 35
    REALLIT  shift, and go to state 36
    PLUS     shift, and go to state 37
    MINUS    shift, and go to state 38
    NOT      shift, and go to state 39
    LPAR     shift, and go to state 40
    ID       shift, and go to state 41

    Expr                go to state 110
    OperatorExpression  go to state 44


State 70

   65 OperatorExpression: Expr MUL . Expr

    INTLIT   shift, and go to state 34
    CHRLIT   shift, and go to state 35
    REALLIT  shift, and go to state 36
    PLUS     shift, and go to state 37
    MINUS    shift, and go to state 38
    NOT      shift, and go to state 39
    LPAR     shift, and go to state 40
    ID       shift, and go to state 41

    Expr                go to state 111
    OperatorExpression  go to state 44


State 71

   66 OperatorExpression: Expr DIV . Expr

    INTLIT   shift, and go to state 34
    CHRLIT   shift, and go to state 35
    REALLIT  shift, and go to state 36
    PLUS     shift, and go to state 37
    MINUS    shift, and go to state 38
    NOT      shift, and go to state 39
    LPAR     shift, and go to state 40
    ID       shift, and go to state 41

    Expr                go to state 112
    OperatorExpression  go to state 44


State 72

   67 OperatorExpression: Expr MOD . Expr

    INTLIT   shift, and go to state 34
    CHRLIT   shift, and go to state 35
    REALLIT  shift, and go to state 36
    PLUS     shift, and go to state 37
    MINUS    shift, and go to state 38
    NOT      shift, and go to state 39
    LPAR     shift, and go to state 40
    ID       shift, and go to state 41

    Expr                go to state 113
    OperatorExpression  go to state 44


State 73

   73 OperatorExpression: Expr EQ . Expr

    INTLIT   shift, and go to state 34
    CHRLIT   shift, and go to state 35
    REALLIT  shift, and go to state 36
    PLUS     shift, and go to state 37
    MINUS    shift, and go to state 38
    NOT      shift, and go to state 39
    LPAR     shift, and go to state 40
    ID       shift, and go to state 41

    Expr                go to state 114
    OperatorExpression  go to state 44


State 74

   74 OperatorExpression: Expr NE . Expr

    INTLIT   shift, and go to state 34
    CHRLIT   shift, and go to state 35
    REALLIT  shift, and go to state 36
    PLUS     shift, and go to state 37
    MINUS    shift, and go to state 38
    NOT      shift, and go to state 39
    LPAR     shift, and go to state 40
    ID       shift, and go to state 41

    Expr                go to state 115
    OperatorExpression  go to state 44


State 75

   76 OperatorExpression: Expr GE . Expr

    INTLIT   shift, and go to state 34
    CHRLIT   shift, and go to state 35
    REALLIT  shift, and go to state 36
    PLUS     shift, and go to state 37
    MINUS    shift, and go to state 38
    NOT      shift, and go to state 39
    LPAR     shift, and go to state 40
    ID       shift, and go to state 41

    Expr                go to state 116
    OperatorExpression  go to state 44


State 76

   78 OperatorExpression: Expr GT . Expr

    INTLIT   shift, and go to state 34
    CHRLIT   shift, and go to state 35
    REALLIT  shift, and go to state 36
    PLUS     shift, and go to state 37
    MINUS    shift, and go to state 38
    NOT      shift, and go to state 39
    LPAR     shift, and go to state 40
    ID       shift, and go to state 41

    Expr                go to state 117
    OperatorExpression  go to state 44


State 77

   75 OperatorExpression: Expr LE . Expr

    INTLIT   shift, and go to state 34
    CHRLIT   shift, and go to state 35
    REALLIT  shift, and go to state 36
    PLUS     shift, and go to state 37
    MINUS    shift, and go to state 38
    NOT      shift, and go to state 39
    LPAR     shift, and go to state 40
    ID       shift, and go to state 41

    Expr                go to state 118
    OperatorExpression  go to state 44


State 78

   77 OperatorExpression: Expr LT . Expr

    INTLIT   shift, and go to state 34
    CHRLIT   shift, and go to state 35
    REALLIT  shift, and go to state 36
    PLUS     shift, and go to state 37
    MINUS    shift, and go to state 38
    NOT      shift, and go to state 39
    LPAR     shift, and go to state 40
    ID       shift, and go to state 41

    Expr                go to state 119
    OperatorExpression  go to state 44


State 79

   69 OperatorExpression: Expr AND . Expr

    INTLIT   shift, and go to state 34
    CHRLIT   shift, and go to state 35
    REALLIT  shift, and go to state 36
    PLUS     shift, and go to state 37
    MINUS    shift, and go to state 38
    NOT      shift, and go to state 39
    LPAR     shift, and go to state 40
    ID       shift, and go to state 41

    Expr                go to state 120
    OperatorExpression  go to state 44


State 80

   68 OperatorExpression: Expr OR . Expr

    INTLIT   shift, and go to state 34
    CHRLIT   shift, and go to state 35
    REALLIT  shift, and go to state 36
    PLUS     shift, and go to state 37
    MINUS    shift, and go to state 38
    NOT      shift, and go to state 39
    LPAR     shift, and go to state 40
    ID       shift, and go to state 41

    Expr                go to state 121
    OperatorExpression  go to state 44


State 81

   70 OperatorExpression: Expr BITWISEAND . Expr

    INTLIT   shift, and go to state 34
    CHRLIT   shift, and go to state 35
    REALLIT  shift, and go to state 36
    PLUS     shift, and go to state 37
    MINUS    shift, and go to state 38
    NOT      shift, and go to state 39
    LPAR     shift, and go to state 40
    ID       shift, and go to state 41

    Expr                go to state 122
    OperatorExpression  go to state 44


State 82

   71 OperatorExpression: Expr BITWISEOR . Expr

    INTLIT   shift, and go to state 34
    CHRLIT   shift, and go to state 35
    REALLIT  shift, and go to state 36
    PLUS     shift, and go to state 37
    MINUS    shift, and go to state 38
    NOT      shift, and go to state 39
    LPAR     shift, and go to state 40
    ID       shift, and go to state 41

    Expr                go to state 123
    OperatorExpression  go to state 44


State 83

   72 OperatorExpression: Expr BITWISEXOR . Expr

    INTLIT   shift, and go to state 34
    CHRLIT   shift, and go to state 35
    REALLIT  shift, and go to state 36
    PLUS     shift, and go to state 37
    MINUS    shift, and go to state 38
    NOT      shift, and go to state 39
    LPAR     shift, and go to state 40
    ID       shift, and go to state 41

    Expr                go to state 124
    OperatorExpression  go to state 44


State 84

   62 OperatorExpression: Expr ASSIGN . Expr

    INTLIT   shift, and go to state 34
    CHRLIT   shift, and go to state 35
    REALLIT  shift, and go to state 36
    PLUS     shift, and go to state 37
    MINUS    shift, and go to state 38
    NOT      shift, and go to state 39
    LPAR     shift, and go to state 40
    ID       shift, and go to state 41

    Expr                go to state 125
    OperatorExpression  go to state 44


State 85

   58 ExprList: ExprList COMMA . Expr

    INTLIT   shift, and go to state 34
    CHRLIT   shift, and go to state 35
    REALLIT  shift, and go to state 36
    PLUS     shift, and go to state 37
    MINUS    shift, and go to state 38
    NOT      shift, and go to state 39
    LPAR     shift, and go to state 40
    ID       shift, and go to state 41

    Expr                go to state 126
    OperatorExpression  go to state 44


State 86

   17 FunctionDeclarator: ID LPAR ParameterList RPAR .

    $default  reduce using rule 17 (FunctionDeclarator)


State 87

   19 ParameterDeclarationList: COMMA . ParameterDeclaration ParameterDeclarationList

    CHAR    shift, and go to state 2
    INT     shift, and go to state 3
    SHORT   shift, and go to state 4
    DOUBLE  shift, and go to state 5
    VOID    shift, and go to state 6

    ParameterDeclaration  go to state 127
    TypeSpec              go to state 47


State 88

   18 ParameterList: ParameterDeclaration ParameterDeclarationList .

    $default  reduce using rule 18 (ParameterList)


State 89

   21 ParameterDeclaration: TypeSpec ID .

    $default  reduce using rule 21 (ParameterDeclaration)


State 90

   34 Statement: IF LPAR . ExprList RPAR StatementOrError
   35          | IF LPAR . ExprList RPAR StatementOrError ELSE StatementOrError

    INTLIT   shift, and go to state 34
    CHRLIT   shift, and go to state 35
    REALLIT  shift, and go to state 36
    PLUS     shift, and go to state 37
    MINUS    shift, and go to state 38
    NOT      shift, and go to state 39
    LPAR     shift, and go to state 40
    ID       shift, and go to state 41

    Expr                go to state 42
    ExprList            go to state 128
    OperatorExpression  go to state 44


State 91

   36 Statement: WHILE LPAR . ExprList RPAR StatementOrError

    INTLIT   shift, and go to state 34
    CHRLIT   shift, and go to state 35
    REALLIT  shift, and go to state 36
    PLUS     shift, and go to state 37
    MINUS    shift, and go to state 38
    NOT      shift, and go to state 39
    LPAR     shift, and go to state 40
    ID       shift, and go to state 41

    Expr                go to state 42
    ExprList            go to state 129
    OperatorExpression  go to state 44


State 92

   39 Statement: RETURN SEMI .

    $default  reduce using rule 39 (Statement)


State 93

   38 Statement: RETURN ExprList . SEMI
   58 ExprList: ExprList . COMMA Expr

    COMMA  shift, and go to state 85
    SEMI   shift, and go to state 130


State 94

   42 Statement: LBRACE error . RBRACE
   47 StatementOrError: error . SEMI

    RBRACE  shift, and go to state 131
    SEMI    shift, and go to state 132


State 95

   43 Statement: LBRACE RBRACE .

    $default  reduce using rule 43 (Statement)


State 96

   46 StatementOrError: Statement .

    $default  reduce using rule 46 (StatementOrError)


State 97

   37 Statement: LBRACE StatementList . RBRACE

    RBRACE  shift, and go to state 133


State 98

   44 StatementList: StatementOrError . StatementList
   45              | StatementOrError .

    error    shift, and go to state 134
    INTLIT   shift, and go to state 34
    CHRLIT   shift, and go to state 35
    REALLIT  shift, and go to state 36
    IF       shift, and go to state 48
    WHILE    shift, and go to state 49
    RETURN   shift, and go to state 50
    PLUS     shift, and go to state 37
    MINUS    shift, and go to state 38
    NOT      shift, and go to state 39
    LBRACE   shift, and go to state 51
    LPAR     shift, and go to state 40
    SEMI     shift, and go to state 53
    ID       shift, and go to state 41

    RBRACE  reduce using rule 45 (StatementList)

    Statement           go to state 96
    StatementList       go to state 135
    StatementOrError    go to state 98
    Expr                go to state 42
    ExprList            go to state 58
    OperatorExpression  go to state 44


State 99

   10 FunctionBody: LBRACE DeclarationsAndStatements RBRACE .

    $default  reduce using rule 10 (FunctionBody)


State 100

   13 DeclarationsAndStatements: Declaration DeclarationsAndStatements .

    $default  reduce using rule 13 (DeclarationsAndStatements)


State 101

   12 DeclarationsAndStatements: Statement DeclarationsAndStatements .

    $default  reduce using rule 12 (DeclarationsAndStatements)


State 102

   40 Statement: ExprList SEMI .

    $default  reduce using rule 40 (Statement)


State 103

   25 DeclaratorList: COMMA Declarator DeclaratorList .

    $default  reduce using rule 25 (DeclaratorList)


State 104

   57 Expr: LPAR error RPAR .

    $default  reduce using rule 57 (Expr)


State 105

   49 Expr: LPAR ExprList RPAR .

    $default  reduce using rule 49 (Expr)


State 106

   56 Expr: ID LPAR error . RPAR

    RPAR  shift, and go to state 136


State 107

   51 Expr: ID LPAR RPAR .

    $default  reduce using rule 51 (Expr)


State 108

   50 Expr: ID LPAR Expr . ExprOptionalList RPAR
   62 OperatorExpression: Expr . ASSIGN Expr
   63                   | Expr . PLUS Expr
   64                   | Expr . MINUS Expr
   65                   | Expr . MUL Expr
   66                   | Expr . DIV Expr
   67                   | Expr . MOD Expr
   68                   | Expr . OR Expr
   69                   | Expr . AND Expr
   70                   | Expr . BITWISEAND Expr
   71                   | Expr . BITWISEOR Expr
   72                   | Expr . BITWISEXOR Expr
   73                   | Expr . EQ Expr
   74                   | Expr . NE Expr
   75                   | Expr . LE Expr
   76                   | Expr . GE Expr
   77                   | Expr . LT Expr
   78                   | Expr . GT Expr

    PLUS        shift, and go to state 68
    MINUS       shift, and go to state 69
    MUL         shift, and go to state 70
    DIV         shift, and go to state 71
    MOD         shift, and go to state 72
    EQ          shift, and go to state 73
    NE          shift, and go to state 74
    GE          shift, and go to state 75
    GT          shift, and go to state 76
    LE          shift, and go to state 77
    LT          shift, and go to state 78
    AND         shift, and go to state 79
    OR          shift, and go to state 80
    BITWISEAND  shift, and go to state 81
    BITWISEOR   shift, and go to state 82
    BITWISEXOR  shift, and go to state 83
    ASSIGN      shift, and go to state 84
    COMMA       shift, and go to state 137

    $default  reduce using rule 61 (ExprOptionalList)

    ExprOptionalList  go to state 138


State 109

   62 OperatorExpression: Expr . ASSIGN Expr
   63                   | Expr . PLUS Expr
   63                   | Expr PLUS Expr .
   64                   | Expr . MINUS Expr
   65                   | Expr . MUL Expr
   66                   | Expr . DIV Expr
   67                   | Expr . MOD Expr
   68                   | Expr . OR Expr
   69                   | Expr . AND Expr
   70                   | Expr . BITWISEAND Expr
   71                   | Expr . BITWISEOR Expr
   72                   | Expr . BITWISEXOR Expr
   73                   | Expr . EQ Expr
   74                   | Expr . NE Expr
   75                   | Expr . LE Expr
   76                   | Expr . GE Expr
   77                   | Expr . LT Expr
   78                   | Expr . GT Expr

    MUL  shift, and go to state 70
    DIV  shift, and go to state 71
    MOD  shift, and go to state 72

    $default  reduce using rule 63 (OperatorExpression)


State 110

   62 OperatorExpression: Expr . ASSIGN Expr
   63                   | Expr . PLUS Expr
   64                   | Expr . MINUS Expr
   64                   | Expr MINUS Expr .
   65                   | Expr . MUL Expr
   66                   | Expr . DIV Expr
   67                   | Expr . MOD Expr
   68                   | Expr . OR Expr
   69                   | Expr . AND Expr
   70                   | Expr . BITWISEAND Expr
   71                   | Expr . BITWISEOR Expr
   72                   | Expr . BITWISEXOR Expr
   73                   | Expr . EQ Expr
   74                   | Expr . NE Expr
   75                   | Expr . LE Expr
   76                   | Expr . GE Expr
   77                   | Expr . LT Expr
   78                   | Expr . GT Expr

    MUL  shift, and go to state 70
    DIV  shift, and go to state 71
    MOD  shift, and go to state 72

    $default  reduce using rule 64 (OperatorExpression)


State 111

   62 OperatorExpression: Expr . ASSIGN Expr
   63                   | Expr . PLUS Expr
   64                   | Expr . MINUS Expr
   65                   | Expr . MUL Expr
   65                   | Expr MUL Expr .
   66                   | Expr . DIV Expr
   67                   | Expr . MOD Expr
   68                   | Expr . OR Expr
   69                   | Expr . AND Expr
   70                   | Expr . BITWISEAND Expr
   71                   | Expr . BITWISEOR Expr
   72                   | Expr . BITWISEXOR Expr
   73                   | Expr . EQ Expr
   74                   | Expr . NE Expr
   75                   | Expr . LE Expr
   76                   | Expr . GE Expr
   77                   | Expr . LT Expr
   78                   | Expr . GT Expr

    $default  reduce using rule 65 (OperatorExpression)


State 112

   62 OperatorExpression: Expr . ASSIGN Expr
   63                   | Expr . PLUS Expr
   64                   | Expr . MINUS Expr
   65                   | Expr . MUL Expr
   66                   | Expr . DIV Expr
   66                   | Expr DIV Expr .
   67                   | Expr . MOD Expr
   68                   | Expr . OR Expr
   69                   | Expr . AND Expr
   70                   | Expr . BITWISEAND Expr
   71                   | Expr . BITWISEOR Expr
   72                   | Expr . BITWISEXOR Expr
   73                   | Expr . EQ Expr
   74                   | Expr . NE Expr
   75                   | Expr . LE Expr
   76                   | Expr . GE Expr
   77                   | Expr . LT Expr
   78                   | Expr . GT Expr

    $default  reduce using rule 66 (OperatorExpression)


State 113

   62 OperatorExpression: Expr . ASSIGN Expr
   63                   | Expr . PLUS Expr
   64                   | Expr . MINUS Expr
   65                   | Expr . MUL Expr
   66                   | Expr . DIV Expr
   67                   | Expr . MOD Expr
   67                   | Expr MOD Expr .
   68                   | Expr . OR Expr
   69                   | Expr . AND Expr
   70                   | Expr . BITWISEAND Expr
   71                   | Expr . BITWISEOR Expr
   72                   | Expr . BITWISEXOR Expr
   73                   | Expr . EQ Expr
   74                   | Expr . NE Expr
   75                   | Expr . LE Expr
   76                   | Expr . GE Expr
   77                   | Expr . LT Expr
   78                   | Expr . GT Expr

    $default  reduce using rule 67 (OperatorExpression)


State 114

   62 OperatorExpression: Expr . ASSIGN Expr
   63                   | Expr . PLUS Expr
   64                   | Expr . MINUS Expr
   65                   | Expr . MUL Expr
   66                   | Expr . DIV Expr
   67                   | Expr . MOD Expr
   68                   | Expr . OR Expr
   69                   | Expr . AND Expr
   70                   | Expr . BITWISEAND Expr
   71                   | Expr . BITWISEOR Expr
   72                   | Expr . BITWISEXOR Expr
   73                   | Expr . EQ Expr
   73                   | Expr EQ Expr .
   74                   | Expr . NE Expr
   75                   | Expr . LE Expr
   76                   | Expr . GE Expr
   77                   | Expr . LT Expr
   78                   | Expr . GT Expr

    PLUS   shift, and go to state 68
    MINUS  shift, and go to state 69
    MUL    shift, and go to state 70
    DIV    shift, and go to state 71
    MOD    shift, and go to state 72
    GE     shift, and go to state 75
    GT     shift, and go to state 76
    LE     shift, and go to state 77
    LT     shift, and go to state 78

    $default  reduce using rule 73 (OperatorExpression)


State 115

   62 OperatorExpression: Expr . ASSIGN Expr
   63                   | Expr . PLUS Expr
   64                   | Expr . MINUS Expr
   65                   | Expr . MUL Expr
   66                   | Expr . DIV Expr
   67                   | Expr . MOD Expr
   68                   | Expr . OR Expr
   69                   | Expr . AND Expr
   70                   | Expr . BITWISEAND Expr
   71                   | Expr . BITWISEOR Expr
   72                   | Expr . BITWISEXOR Expr
   73                   | Expr . EQ Expr
   74                   | Expr . NE Expr
   74                   | Expr NE Expr .
   75                   | Expr . LE Expr
   76                   | Expr . GE Expr
   77                   | Expr . LT Expr
   78                   | Expr . GT Expr

    PLUS   shift, and go to state 68
    MINUS  shift, and go to state 69
    MUL    shift, and go to state 70
    DIV    shift, and go to state 71
    MOD    shift, and go to state 72
    GE     shift, and go to state 75
    GT     shift, and go to state 76
    LE     shift, and go to state 77
    LT     shift, and go to state 78

    $default  reduce using rule 74 (OperatorExpression)


State 116

   62 OperatorExpression: Expr . ASSIGN Expr
   63                   | Expr . PLUS Expr
   64                   | Expr . MINUS Expr
   65                   | Expr . MUL Expr
   66                   | Expr . DIV Expr
   67                   | Expr . MOD Expr
   68                   | Expr . OR Expr
   69                   | Expr . AND Expr
   70                   | Expr . BITWISEAND Expr
   71                   | Expr . BITWISEOR Expr
   72                   | Expr . BITWISEXOR Expr
   73                   | Expr . EQ Expr
   74                   | Expr . NE Expr
   75                   | Expr . LE Expr
   76                   | Expr . GE Expr
   76                   | Expr GE Expr .
   77                   | Expr . LT Expr
   78                   | Expr . GT Expr

    PLUS   shift, and go to state 68
    MINUS  shift, and go to state 69
    MUL    shift, and go to state 70
    DIV    shift, and go to state 71
    MOD    shift, and go to state 72

    $default  reduce using rule 76 (OperatorExpression)


State 117

   62 OperatorExpression: Expr . ASSIGN Expr
   63                   | Expr . PLUS Expr
   64                   | Expr . MINUS Expr
   65                   | Expr . MUL Expr
   66                   | Expr . DIV Expr
   67                   | Expr . MOD Expr
   68                   | Expr . OR Expr
   69                   | Expr . AND Expr
   70                   | Expr . BITWISEAND Expr
   71                   | Expr . BITWISEOR Expr
   72                   | Expr . BITWISEXOR Expr
   73                   | Expr . EQ Expr
   74                   | Expr . NE Expr
   75                   | Expr . LE Expr
   76                   | Expr . GE Expr
   77                   | Expr . LT Expr
   78                   | Expr . GT Expr
   78                   | Expr GT Expr .

    PLUS   shift, and go to state 68
    MINUS  shift, and go to state 69
    MUL    shift, and go to state 70
    DIV    shift, and go to state 71
    MOD    shift, and go to state 72

    $default  reduce using rule 78 (OperatorExpression)


State 118

   62 OperatorExpression: Expr . ASSIGN Expr
   63                   | Expr . PLUS Expr
   64                   | Expr . MINUS Expr
   65                   | Expr . MUL Expr
   66                   | Expr . DIV Expr
   67                   | Expr . MOD Expr
   68                   | Expr . OR Expr
   69                   | Expr . AND Expr
   70                   | Expr . BITWISEAND Expr
   71                   | Expr . BITWISEOR Expr
   72                   | Expr . BITWISEXOR Expr
   73                   | Expr . EQ Expr
   74                   | Expr . NE Expr
   75                   | Expr . LE Expr
   75                   | Expr LE Expr .
   76                   | Expr . GE Expr
   77                   | Expr . LT Expr
   78                   | Expr . GT Expr

    PLUS   shift, and go to state 68
    MINUS  shift, and go to state 69
    MUL    shift, and go to state 70
    DIV    shift, and go to state 71
    MOD    shift, and go to state 72

    $default  reduce using rule 75 (OperatorExpression)


State 119

   62 OperatorExpression: Expr . ASSIGN Expr
   63                   | Expr . PLUS Expr
   64                   | Expr . MINUS Expr
   65                   | Expr . MUL Expr
   66                   | Expr . DIV Expr
   67                   | Expr . MOD Expr
   68                   | Expr . OR Expr
   69                   | Expr . AND Expr
   70                   | Expr . BITWISEAND Expr
   71                   | Expr . BITWISEOR Expr
   72                   | Expr . BITWISEXOR Expr
   73                   | Expr . EQ Expr
   74                   | Expr . NE Expr
   75                   | Expr . LE Expr
   76                   | Expr . GE Expr
   77                   | Expr . LT Expr
   77                   | Expr LT Expr .
   78                   | Expr . GT Expr

    PLUS   shift, and go to state 68
    MINUS  shift, and go to state 69
    MUL    shift, and go to state 70
    DIV    shift, and go to state 71
    MOD    shift, and go to state 72

    $default  reduce using rule 77 (OperatorExpression)


State 120

   62 OperatorExpression: Expr . ASSIGN Expr
   63                   | Expr . PLUS Expr
   64                   | Expr . MINUS Expr
   65                   | Expr . MUL Expr
   66                   | Expr . DIV Expr
   67                   | Expr . MOD Expr
   68                   | Expr . OR Expr
   69                   | Expr . AND Expr
   69                   | Expr AND Expr .
   70                   | Expr . BITWISEAND Expr
   71                   | Expr . BITWISEOR Expr
   72                   | Expr . BITWISEXOR Expr
   73                   | Expr . EQ Expr
   74                   | Expr . NE Expr
   75                   | Expr . LE Expr
   76                   | Expr . GE Expr
   77                   | Expr . LT Expr
   78                   | Expr . GT Expr

    PLUS        shift, and go to state 68
    MINUS       shift, and go to state 69
    MUL         shift, and go to state 70
    DIV         shift, and go to state 71
    MOD         shift, and go to state 72
    EQ          shift, and go to state 73
    NE          shift, and go to state 74
    GE          shift, and go to state 75
    GT          shift, and go to state 76
    LE          shift, and go to state 77
    LT          shift, and go to state 78
    BITWISEAND  shift, and go to state 81
    BITWISEOR   shift, and go to state 82
    BITWISEXOR  shift, and go to state 83

    $default  reduce using rule 69 (OperatorExpression)


State 121

   62 OperatorExpression: Expr . ASSIGN Expr
   63                   | Expr . PLUS Expr
   64                   | Expr . MINUS Expr
   65                   | Expr . MUL Expr
   66                   | Expr . DIV Expr
   67                   | Expr . MOD Expr
   68                   | Expr . OR Expr
   68                   | Expr OR Expr .
   69                   | Expr . AND Expr
   70                   | Expr . BITWISEAND Expr
   71                   | Expr . BITWISEOR Expr
   72                   | Expr . BITWISEXOR Expr
   73                   | Expr . EQ Expr
   74                   | Expr . NE Expr
   75                   | Expr . LE Expr
   76                   | Expr . GE Expr
   77                   | Expr . LT Expr
   78                   | Expr . GT Expr

    PLUS        shift, and go to state 68
    MINUS       shift, and go to state 69
    MUL         shift, and go to state 70
    DIV         shift, and go to state 71
    MOD         shift, and go to state 72
    EQ          shift, and go to state 73
    NE          shift, and go to state 74
    GE          shift, and go to state 75
    GT          shift, and go to state 76
    LE          shift, and go to state 77
    LT          shift, and go to state 78
    AND         shift, and go to state 79
    BITWISEAND  shift, and go to state 81
    BITWISEOR   shift, and go to state 82
    BITWISEXOR  shift, and go to state 83

    $default  reduce using rule 68 (OperatorExpression)


State 122

   62 OperatorExpression: Expr . ASSIGN Expr
   63                   | Expr . PLUS Expr
   64                   | Expr . MINUS Expr
   65                   | Expr . MUL Expr
   66                   | Expr . DIV Expr
   67                   | Expr . MOD Expr
   68                   | Expr . OR Expr
   69                   | Expr . AND Expr
   70                   | Expr . BITWISEAND Expr
   70                   | Expr BITWISEAND Expr .
   71                   | Expr . BITWISEOR Expr
   72                   | Expr . BITWISEXOR Expr
   73                   | Expr . EQ Expr
   74                   | Expr . NE Expr
   75                   | Expr . LE Expr
   76                   | Expr . GE Expr
   77                   | Expr . LT Expr
   78                   | Expr . GT Expr

    PLUS   shift, and go to state 68
    MINUS  shift, and go to state 69
    MUL    shift, and go to state 70
    DIV    shift, and go to state 71
    MOD    shift, and go to state 72
    EQ     shift, and go to state 73
    NE     shift, and go to state 74
    GE     shift, and go to state 75
    GT     shift, and go to state 76
    LE     shift, and go to state 77
    LT     shift, and go to state 78

    $default  reduce using rule 70 (OperatorExpression)


State 123

   62 OperatorExpression: Expr . ASSIGN Expr
   63                   | Expr . PLUS Expr
   64                   | Expr . MINUS Expr
   65                   | Expr . MUL Expr
   66                   | Expr . DIV Expr
   67                   | Expr . MOD Expr
   68                   | Expr . OR Expr
   69                   | Expr . AND Expr
   70                   | Expr . BITWISEAND Expr
   71                   | Expr . BITWISEOR Expr
   71                   | Expr BITWISEOR Expr .
   72                   | Expr . BITWISEXOR Expr
   73                   | Expr . EQ Expr
   74                   | Expr . NE Expr
   75                   | Expr . LE Expr
   76                   | Expr . GE Expr
   77                   | Expr . LT Expr
   78                   | Expr . GT Expr

    PLUS        shift, and go to state 68
    MINUS       shift, and go to state 69
    MUL         shift, and go to state 70
    DIV         shift, and go to state 71
    MOD         shift, and go to state 72
    EQ          shift, and go to state 73
    NE          shift, and go to state 74
    GE          shift, and go to state 75
    GT          shift, and go to state 76
    LE          shift, and go to state 77
    LT          shift, and go to state 78
    BITWISEAND  shift, and go to state 81
    BITWISEXOR  shift, and go to state 83

    $default  reduce using rule 71 (OperatorExpression)


State 124

   62 OperatorExpression: Expr . ASSIGN Expr
   63                   | Expr . PLUS Expr
   64                   | Expr . MINUS Expr
   65                   | Expr . MUL Expr
   66                   | Expr . DIV Expr
   67                   | Expr . MOD Expr
   68                   | Expr . OR Expr
   69                   | Expr . AND Expr
   70                   | Expr . BITWISEAND Expr
   71                   | Expr . BITWISEOR Expr
   72                   | Expr . BITWISEXOR Expr
   72                   | Expr BITWISEXOR Expr .
   73                   | Expr . EQ Expr
   74                   | Expr . NE Expr
   75                   | Expr . LE Expr
   76                   | Expr . GE Expr
   77                   | Expr . LT Expr
   78                   | Expr . GT Expr

    PLUS        shift, and go to state 68
    MINUS       shift, and go to state 69
    MUL         shift, and go to state 70
    DIV         shift, and go to state 71
    MOD         shift, and go to state 72
    EQ          shift, and go to state 73
    NE          shift, and go to state 74
    GE          shift, and go to state 75
    GT          shift, and go to state 76
    LE          shift, and go to state 77
    LT          shift, and go to state 78
    BITWISEAND  shift, and go to state 81

    $default  reduce using rule 72 (OperatorExpression)


State 125

   62 OperatorExpression: Expr . ASSIGN Expr
   62                   | Expr ASSIGN Expr .
   63                   | Expr . PLUS Expr
   64                   | Expr . MINUS Expr
   65                   | Expr . MUL Expr
   66                   | Expr . DIV Expr
   67                   | Expr . MOD Expr
   68                   | Expr . OR Expr
   69                   | Expr . AND Expr
   70                   | Expr . BITWISEAND Expr
   71                   | Expr . BITWISEOR Expr
   72                   | Expr . BITWISEXOR Expr
   73                   | Expr . EQ Expr
   74                   | Expr . NE Expr
   75                   | Expr . LE Expr
   76                   | Expr . GE Expr
   77                   | Expr . LT Expr
   78                   | Expr . GT Expr

    PLUS        shift, and go to state 68
    MINUS       shift, and go to state 69
    MUL         shift, and go to state 70
    DIV         shift, and go to state 71
    MOD         shift, and go to state 72
    EQ          shift, and go to state 73
    NE          shift, and go to state 74
    GE          shift, and go to state 75
    GT          shift, and go to state 76
    LE          shift, and go to state 77
    LT          shift, and go to state 78
    AND         shift, and go to state 79
    OR          shift, and go to state 80
    BITWISEAND  shift, and go to state 81
    BITWISEOR   shift, and go to state 82
    BITWISEXOR  shift, and go to state 83
    ASSIGN      shift, and go to state 84

    $default  reduce using rule 62 (OperatorExpression)


State 126

   58 ExprList: ExprList COMMA Expr .
   62 OperatorExpression: Expr . ASSIGN Expr
   63                   | Expr . PLUS Expr
   64                   | Expr . MINUS Expr
   65                   | Expr . MUL Expr
   66                   | Expr . DIV Expr
   67                   | Expr . MOD Expr
   68                   | Expr . OR Expr
   69                   | Expr . AND Expr
   70                   | Expr . BITWISEAND Expr
   71                   | Expr . BITWISEOR Expr
   72                   | Expr . BITWISEXOR Expr
   73                   | Expr . EQ Expr
   74                   | Expr . NE Expr
   75                   | Expr . LE Expr
   76                   | Expr . GE Expr
   77                   | Expr . LT Expr
   78                   | Expr . GT Expr

    PLUS        shift, and go to state 68
    MINUS       shift, and go to state 69
    MUL         shift, and go to state 70
    DIV         shift, and go to state 71
    MOD         shift, and go to state 72
    EQ          shift, and go to state 73
    NE          shift, and go to state 74
    GE          shift, and go to state 75
    GT          shift, and go to state 76
    LE          shift, and go to state 77
    LT          shift, and go to state 78
    AND         shift, and go to state 79
    OR          shift, and go to state 80
    BITWISEAND  shift, and go to state 81
    BITWISEOR   shift, and go to state 82
    BITWISEXOR  shift, and go to state 83
    ASSIGN      shift, and go to state 84

    $default  reduce using rule 58 (ExprList)


State 127

   19 ParameterDeclarationList: COMMA ParameterDeclaration . ParameterDeclarationList

    COMMA  shift, and go to state 87

    $default  reduce using rule 20 (ParameterDeclarationList)

    ParameterDeclarationList  go to state 139


State 128

   34 Statement: IF LPAR ExprList . RPAR StatementOrError
   35          | IF LPAR ExprList . RPAR StatementOrError ELSE StatementOrError
   58 ExprList: ExprList . COMMA Expr

    COMMA  shift, and go to state 85
    RPAR   shift, and go to state 140


State 129

   36 Statement: WHILE LPAR ExprList . RPAR StatementOrError
   58 ExprList: ExprList . COMMA Expr

    COMMA  shift, and go to state 85
    RPAR   shift, and go to state 141


State 130

   38 Statement: RETURN ExprList SEMI .

    $default  reduce using rule 38 (Statement)


State 131

   42 Statement: LBRACE error RBRACE .

    $default  reduce using rule 42 (Statement)


State 132

   47 StatementOrError: error SEMI .

    $default  reduce using rule 47 (StatementOrError)


State 133

   37 Statement: LBRACE StatementList RBRACE .

    $default  reduce using rule 37 (Statement)


State 134

   47 StatementOrError: error . SEMI

    SEMI  shift, and go to state 132


State 135

   44 StatementList: StatementOrError StatementList .

    $default  reduce using rule 44 (StatementList)


State 136

   56 Expr: ID LPAR error RPAR .

    $default  reduce using rule 56 (Expr)


State 137

   60 ExprOptionalList: COMMA . Expr ExprOptionalList

    INTLIT   shift, and go to state 34
    CHRLIT   shift, and go to state 35
    REALLIT  shift, and go to state 36
    PLUS     shift, and go to state 37
    MINUS    shift, and go to state 38
    NOT      shift, and go to state 39
    LPAR     shift, and go to state 40
    ID       shift, and go to state 41

    Expr                go to state 142
    OperatorExpression  go to state 44


State 138

   50 Expr: ID LPAR Expr ExprOptionalList . RPAR

    RPAR  shift, and go to state 143


State 139

   19 ParameterDeclarationList: COMMA ParameterDeclaration ParameterDeclarationList .

    $default  reduce using rule 19 (ParameterDeclarationList)


State 140

   34 Statement: IF LPAR ExprList RPAR . StatementOrError
   35          | IF LPAR ExprList RPAR . StatementOrError ELSE StatementOrError

    error    shift, and go to state 134
    INTLIT   shift, and go to state 34
    CHRLIT   shift, and go to state 35
    REALLIT  shift, and go to state 36
    IF       shift, and go to state 48
    WHILE    shift, and go to state 49
    RETURN   shift, and go to state 50
    PLUS     shift, and go to state 37
    MINUS    shift, and go to state 38
    NOT      shift, and go to state 39
    LBRACE   shift, and go to state 51
    LPAR     shift, and go to state 40
    SEMI     shift, and go to state 53
    ID       shift, and go to state 41

    Statement           go to state 96
    StatementOrError    go to state 144
    Expr                go to state 42
    ExprList            go to state 58
    OperatorExpression  go to state 44


State 141

   36 Statement: WHILE LPAR ExprList RPAR . StatementOrError

    error    shift, and go to state 134
    INTLIT   shift, and go to state 34
    CHRLIT   shift, and go to state 35
    REALLIT  shift, and go to state 36
    IF       shift, and go to state 48
    WHILE    shift, and go to state 49
    RETURN   shift, and go to state 50
    PLUS     shift, and go to state 37
    MINUS    shift, and go to state 38
    NOT      shift, and go to state 39
    LBRACE   shift, and go to state 51
    LPAR     shift, and go to state 40
    SEMI     shift, and go to state 53
    ID       shift, and go to state 41

    Statement           go to state 96
    StatementOrError    go to state 145
    Expr                go to state 42
    ExprList            go to state 58
    OperatorExpression  go to state 44


State 142

   60 ExprOptionalList: COMMA Expr . ExprOptionalList
   62 OperatorExpression: Expr . ASSIGN Expr
   63                   | Expr . PLUS Expr
   64                   | Expr . MINUS Expr
   65                   | Expr . MUL Expr
   66                   | Expr . DIV Expr
   67                   | Expr . MOD Expr
   68                   | Expr . OR Expr
   69                   | Expr . AND Expr
   70                   | Expr . BITWISEAND Expr
   71                   | Expr . BITWISEOR Expr
   72                   | Expr . BITWISEXOR Expr
   73                   | Expr . EQ Expr
   74                   | Expr . NE Expr
   75                   | Expr . LE Expr
   76                   | Expr . GE Expr
   77                   | Expr . LT Expr
   78                   | Expr . GT Expr

    PLUS        shift, and go to state 68
    MINUS       shift, and go to state 69
    MUL         shift, and go to state 70
    DIV         shift, and go to state 71
    MOD         shift, and go to state 72
    EQ          shift, and go to state 73
    NE          shift, and go to state 74
    GE          shift, and go to state 75
    GT          shift, and go to state 76
    LE          shift, and go to state 77
    LT          shift, and go to state 78
    AND         shift, and go to state 79
    OR          shift, and go to state 80
    BITWISEAND  shift, and go to state 81
    BITWISEOR   shift, and go to state 82
    BITWISEXOR  shift, and go to state 83
    ASSIGN      shift, and go to state 84
    COMMA       shift, and go to state 137

    $default  reduce using rule 61 (ExprOptionalList)

    ExprOptionalList  go to state 146


State 143

   50 Expr: ID LPAR Expr ExprOptionalList RPAR .

    $default  reduce using rule 50 (Expr)


State 144

   34 Statement: IF LPAR ExprList RPAR StatementOrError .
   35          | IF LPAR ExprList RPAR StatementOrError . ELSE StatementOrError

    ELSE  shift, and go to state 147

    $default  reduce using rule 34 (Statement)


State 145

   36 Statement: WHILE LPAR ExprList RPAR StatementOrError .

    $default  reduce using rule 36 (Statement)


State 146

   60 ExprOptionalList: COMMA Expr ExprOptionalList .

    $default  reduce using rule 60 (ExprOptionalList)


State 147

   35 Statement: IF LPAR ExprList RPAR StatementOrError ELSE . StatementOrError

    error    shift, and go to state 134
    INTLIT   shift, and go to state 34
    CHRLIT   shift, and go to state 35
    REALLIT  shift, and go to state 36
    IF       shift, and go to state 48
    WHILE    shift, and go to state 49
    RETURN   shift, and go to state 50
    PLUS     shift, and go to state 37
    MINUS    shift, and go to state 38
    NOT      shift, and go to state 39
    LBRACE   shift, and go to state 51
    LPAR     shift, and go to state 40
    SEMI     shift, and go to state 53
    ID       shift, and go to state 41

    Statement           go to state 96
    StatementOrError    go to state 148
    Expr                go to state 42
    ExprList            go to state 58
    OperatorExpression  go to state 44


State 148

   35 Statement: IF LPAR ExprList RPAR StatementOrError ELSE StatementOrError .

    $default  reduce using rule 35 (Statement)
